<?xml version="1.0" encoding="UTF-8"?>
<coverage generated="1722232625184" clover="3.2.0">
  <project timestamp="1722232625184" name="All files">
    <metrics statements="52" coveredstatements="40" conditionals="16" coveredconditionals="7" methods="20" coveredmethods="11" elements="88" coveredelements="58" complexity="0" loc="52" ncloc="52" packages="4" files="8" classes="8"/>
    <package name="components">
      <metrics statements="17" coveredstatements="13" conditionals="10" coveredconditionals="4" methods="7" coveredmethods="5"/>
      <file name="Header.jsx" path="C:\Users\rohit\Desktop\Food-Villa\src\components\Header.jsx">
        <metrics statements="16" coveredstatements="12" conditionals="10" coveredconditionals="4" methods="6" coveredmethods="4"/>
        <line num="21" count="1" type="stmt"/>
        <line num="22" count="1" type="stmt"/>
        <line num="34" count="1" type="stmt"/>
        <line num="35" count="1" type="stmt"/>
        <line num="36" count="1" type="stmt"/>
        <line num="37" count="1" type="stmt"/>
        <line num="38" count="2" type="stmt"/>
        <line num="40" count="1" type="stmt"/>
        <line num="41" count="1" type="cond" truecount="1" falsecount="1"/>
        <line num="42" count="1" type="stmt"/>
        <line num="44" count="0" type="stmt"/>
        <line num="49" count="1" type="stmt"/>
        <line num="50" count="1" type="stmt"/>
        <line num="84" count="0" type="stmt"/>
        <line num="85" count="0" type="stmt"/>
        <line num="97" count="0" type="stmt"/>
      </file>
      <file name="sum.jsx" path="C:\Users\rohit\Desktop\Food-Villa\src\components\sum.jsx">
        <metrics statements="1" coveredstatements="1" conditionals="0" coveredconditionals="0" methods="1" coveredmethods="1"/>
        <line num="1" count="1" type="stmt"/>
      </file>
    </package>
    <package name="components.hooks">
      <metrics statements="29" coveredstatements="24" conditionals="6" coveredconditionals="3" methods="10" coveredmethods="6"/>
      <file name="useAuth.jsx" path="C:\Users\rohit\Desktop\Food-Villa\src\components\hooks\useAuth.jsx">
        <metrics statements="4" coveredstatements="4" conditionals="2" coveredconditionals="1" methods="1" coveredmethods="1"/>
        <line num="4" count="1" type="stmt"/>
        <line num="6" count="1" type="stmt"/>
        <line num="10" count="1" type="cond" truecount="1" falsecount="1"/>
        <line num="12" count="1" type="stmt"/>
      </file>
      <file name="useLocalStorage.jsx" path="C:\Users\rohit\Desktop\Food-Villa\src\components\hooks\useLocalStorage.jsx">
        <metrics statements="12" coveredstatements="9" conditionals="4" coveredconditionals="2" methods="4" coveredmethods="2"/>
        <line num="3" count="1" type="stmt"/>
        <line num="5" count="2" type="stmt"/>
        <line num="8" count="2" type="cond" truecount="1" falsecount="1"/>
        <line num="10" count="2" type="stmt"/>
        <line num="11" count="2" type="cond" truecount="1" falsecount="1"/>
        <line num="12" count="0" type="stmt"/>
        <line num="14" count="2" type="stmt"/>
        <line num="19" count="2" type="stmt"/>
        <line num="20" count="0" type="stmt"/>
        <line num="24" count="2" type="stmt"/>
        <line num="25" count="0" type="stmt"/>
        <line num="27" count="2" type="stmt"/>
      </file>
      <file name="useOnline.jsx" path="C:\Users\rohit\Desktop\Food-Villa\src\components\hooks\useOnline.jsx">
        <metrics statements="13" coveredstatements="11" conditionals="0" coveredconditionals="0" methods="5" coveredmethods="3"/>
        <line num="3" count="1" type="stmt"/>
        <line num="5" count="1" type="stmt"/>
        <line num="7" count="1" type="stmt"/>
        <line num="9" count="1" type="stmt"/>
        <line num="10" count="0" type="stmt"/>
        <line num="12" count="1" type="stmt"/>
        <line num="13" count="0" type="stmt"/>
        <line num="15" count="1" type="stmt"/>
        <line num="18" count="1" type="stmt"/>
        <line num="20" count="1" type="stmt"/>
        <line num="21" count="1" type="stmt"/>
        <line num="22" count="1" type="stmt"/>
        <line num="28" count="1" type="stmt"/>
      </file>
    </package>
    <package name="mocks">
      <metrics statements="0" coveredstatements="0" conditionals="0" coveredconditionals="0" methods="0" coveredmethods="0"/>
      <file name="dummyLogo1.jsx" path="C:\Users\rohit\Desktop\Food-Villa\src\mocks\dummyLogo1.jsx">
        <metrics statements="0" coveredstatements="0" conditionals="0" coveredconditionals="0" methods="0" coveredmethods="0"/>
      </file>
    </package>
    <package name="utils">
      <metrics statements="6" coveredstatements="3" conditionals="0" coveredconditionals="0" methods="3" coveredmethods="0"/>
      <file name="cartSlice.jsx" path="C:\Users\rohit\Desktop\Food-Villa\src\utils\cartSlice.jsx">
        <metrics statements="5" coveredstatements="2" conditionals="0" coveredconditionals="0" methods="3" coveredmethods="0"/>
        <line num="5" count="1" type="stmt"/>
        <line num="13" count="0" type="stmt"/>
        <line num="16" count="0" type="stmt"/>
        <line num="19" count="0" type="stmt"/>
        <line num="26" count="1" type="stmt"/>
      </file>
      <file name="store.jsx" path="C:\Users\rohit\Desktop\Food-Villa\src\utils\store.jsx">
        <metrics statements="1" coveredstatements="1" conditionals="0" coveredconditionals="0" methods="0" coveredmethods="0"/>
        <line num="4" count="1" type="stmt"/>
      </file>
    </package>
  </project>
</coverage>
