{"C:\\Users\\rohit\\Desktop\\Food-Villa\\src\\components\\Header.jsx": {"path":"C:\\Users\\rohit\\Desktop\\Food-Villa\\src\\components\\Header.jsx","statementMap":{"0":{"start":{"line":21,"column":14},"end":{"line":31,"column":1}},"1":{"start":{"line":22,"column":2},"end":{"line":30,"column":9}},"2":{"start":{"line":34,"column":15},"end":{"line":112,"column":1}},"3":{"start":{"line":35,"column":19},"end":{"line":35,"column":32}},"4":{"start":{"line":36,"column":49},"end":{"line":36,"column":72}},"5":{"start":{"line":37,"column":38},"end":{"line":37,"column":47}},"6":{"start":{"line":38,"column":19},"end":{"line":38,"column":57}},"7":{"start":{"line":38,"column":40},"end":{"line":38,"column":56}},"8":{"start":{"line":40,"column":2},"end":{"line":46,"column":39}},"9":{"start":{"line":41,"column":4},"end":{"line":45,"column":5}},"10":{"start":{"line":42,"column":6},"end":{"line":42,"column":27}},"11":{"start":{"line":44,"column":6},"end":{"line":44,"column":26}},"12":{"start":{"line":49,"column":19},"end":{"line":49,"column":30}},"13":{"start":{"line":50,"column":2},"end":{"line":111,"column":4}},"14":{"start":{"line":84,"column":18},"end":{"line":84,"column":38}},"15":{"start":{"line":85,"column":18},"end":{"line":85,"column":39}},"16":{"start":{"line":97,"column":59},"end":{"line":97,"column":77}}},"fnMap":{"0":{"name":"(anonymous_0)","decl":{"start":{"line":21,"column":14},"end":{"line":21,"column":15}},"loc":{"start":{"line":22,"column":2},"end":{"line":30,"column":9}},"line":22},"1":{"name":"(anonymous_1)","decl":{"start":{"line":34,"column":15},"end":{"line":34,"column":16}},"loc":{"start":{"line":34,"column":21},"end":{"line":112,"column":1}},"line":34},"2":{"name":"(anonymous_2)","decl":{"start":{"line":38,"column":31},"end":{"line":38,"column":32}},"loc":{"start":{"line":38,"column":40},"end":{"line":38,"column":56}},"line":38},"3":{"name":"(anonymous_3)","decl":{"start":{"line":40,"column":12},"end":{"line":40,"column":13}},"loc":{"start":{"line":40,"column":18},"end":{"line":46,"column":3}},"line":40},"4":{"name":"(anonymous_4)","decl":{"start":{"line":83,"column":25},"end":{"line":83,"column":26}},"loc":{"start":{"line":83,"column":31},"end":{"line":86,"column":17}},"line":83},"5":{"name":"(anonymous_5)","decl":{"start":{"line":97,"column":53},"end":{"line":97,"column":54}},"loc":{"start":{"line":97,"column":59},"end":{"line":97,"column":77}},"line":97}},"branchMap":{"0":{"loc":{"start":{"line":41,"column":4},"end":{"line":45,"column":5}},"type":"if","locations":[{"start":{"line":41,"column":4},"end":{"line":45,"column":5}},{"start":{"line":43,"column":11},"end":{"line":45,"column":5}}],"line":41},"1":{"loc":{"start":{"line":55,"column":7},"end":{"line":57,"column":7}},"type":"binary-expr","locations":[{"start":{"line":55,"column":7},"end":{"line":55,"column":17}},{"start":{"line":56,"column":8},"end":{"line":56,"column":72}}],"line":55},"2":{"loc":{"start":{"line":80,"column":13},"end":{"line":106,"column":13}},"type":"cond-expr","locations":[{"start":{"line":81,"column":14},"end":{"line":95,"column":23}},{"start":{"line":97,"column":14},"end":{"line":105,"column":23}}],"line":80},"3":{"loc":{"start":{"line":90,"column":29},"end":{"line":90,"column":75}},"type":"cond-expr","locations":[{"start":{"line":90,"column":40},"end":{"line":90,"column":57}},{"start":{"line":90,"column":60},"end":{"line":90,"column":75}}],"line":90},"4":{"loc":{"start":{"line":100,"column":29},"end":{"line":100,"column":75}},"type":"cond-expr","locations":[{"start":{"line":100,"column":40},"end":{"line":100,"column":57}},{"start":{"line":100,"column":60},"end":{"line":100,"column":75}}],"line":100}},"s":{"0":1,"1":1,"2":1,"3":1,"4":1,"5":1,"6":1,"7":2,"8":1,"9":1,"10":1,"11":0,"12":1,"13":1,"14":0,"15":0,"16":0},"f":{"0":1,"1":1,"2":2,"3":1,"4":0,"5":0},"b":{"0":[1,0],"1":[1,0],"2":[0,1],"3":[0,0],"4":[1,0]},"_coverageSchema":"1a1c01bbd47fc00a2c39e90264f33305004495a9","hash":"a924e01c5785782e913651636c8aa951376c4240"}
,"C:\\Users\\rohit\\Desktop\\Food-Villa\\src\\components\\sum.jsx": {"path":"C:\\Users\\rohit\\Desktop\\Food-Villa\\src\\components\\sum.jsx","statementMap":{"0":{"start":{"line":1,"column":19},"end":{"line":1,"column":31}},"1":{"start":{"line":1,"column":28},"end":{"line":1,"column":31}}},"fnMap":{"0":{"name":"(anonymous_0)","decl":{"start":{"line":1,"column":19},"end":{"line":1,"column":20}},"loc":{"start":{"line":1,"column":28},"end":{"line":1,"column":31}},"line":1}},"branchMap":{},"s":{"0":1,"1":1},"f":{"0":1},"b":{},"_coverageSchema":"1a1c01bbd47fc00a2c39e90264f33305004495a9","hash":"28e9f5093e68b7e0e41351a5f96f174b67b57008"}
,"C:\\Users\\rohit\\Desktop\\Food-Villa\\src\\components\\hooks\\useAuth.jsx": {"path":"C:\\Users\\rohit\\Desktop\\Food-Villa\\src\\components\\hooks\\useAuth.jsx","statementMap":{"0":{"start":{"line":4,"column":16},"end":{"line":13,"column":1}},"1":{"start":{"line":6,"column":30},"end":{"line":6,"column":53}},"2":{"start":{"line":10,"column":41},"end":{"line":10,"column":104}},"3":{"start":{"line":12,"column":5},"end":{"line":12,"column":40}}},"fnMap":{"0":{"name":"(anonymous_0)","decl":{"start":{"line":4,"column":16},"end":{"line":4,"column":17}},"loc":{"start":{"line":4,"column":22},"end":{"line":13,"column":1}},"line":4}},"branchMap":{"0":{"loc":{"start":{"line":10,"column":50},"end":{"line":10,"column":103}},"type":"cond-expr","locations":[{"start":{"line":10,"column":91},"end":{"line":10,"column":95}},{"start":{"line":10,"column":98},"end":{"line":10,"column":103}}],"line":10}},"s":{"0":1,"1":1,"2":1,"3":1},"f":{"0":1},"b":{"0":[0,1]},"_coverageSchema":"1a1c01bbd47fc00a2c39e90264f33305004495a9","hash":"20ff9f09cfb34654d595d41d0a95b7937564c2be"}
,"C:\\Users\\rohit\\Desktop\\Food-Villa\\src\\components\\hooks\\useLocalStorage.jsx": {"path":"C:\\Users\\rohit\\Desktop\\Food-Villa\\src\\components\\hooks\\useLocalStorage.jsx","statementMap":{"0":{"start":{"line":3,"column":24},"end":{"line":28,"column":1}},"1":{"start":{"line":5,"column":30},"end":{"line":5,"column":55}},"2":{"start":{"line":8,"column":52},"end":{"line":8,"column":118}},"3":{"start":{"line":10,"column":4},"end":{"line":16,"column":27}},"4":{"start":{"line":11,"column":8},"end":{"line":15,"column":9}},"5":{"start":{"line":12,"column":12},"end":{"line":12,"column":64}},"6":{"start":{"line":14,"column":12},"end":{"line":14,"column":38}},"7":{"start":{"line":19,"column":28},"end":{"line":21,"column":5}},"8":{"start":{"line":20,"column":8},"end":{"line":20,"column":56}},"9":{"start":{"line":24,"column":30},"end":{"line":26,"column":5}},"10":{"start":{"line":25,"column":8},"end":{"line":25,"column":29}},"11":{"start":{"line":27,"column":4},"end":{"line":27,"column":65}}},"fnMap":{"0":{"name":"(anonymous_0)","decl":{"start":{"line":3,"column":24},"end":{"line":3,"column":25}},"loc":{"start":{"line":3,"column":33},"end":{"line":28,"column":1}},"line":3},"1":{"name":"(anonymous_1)","decl":{"start":{"line":10,"column":14},"end":{"line":10,"column":15}},"loc":{"start":{"line":10,"column":20},"end":{"line":16,"column":5}},"line":10},"2":{"name":"(anonymous_2)","decl":{"start":{"line":19,"column":28},"end":{"line":19,"column":29}},"loc":{"start":{"line":19,"column":39},"end":{"line":21,"column":5}},"line":19},"3":{"name":"(anonymous_3)","decl":{"start":{"line":24,"column":30},"end":{"line":24,"column":31}},"loc":{"start":{"line":24,"column":36},"end":{"line":26,"column":5}},"line":24}},"branchMap":{"0":{"loc":{"start":{"line":8,"column":61},"end":{"line":8,"column":117}},"type":"cond-expr","locations":[{"start":{"line":8,"column":81},"end":{"line":8,"column":110}},{"start":{"line":8,"column":113},"end":{"line":8,"column":117}}],"line":8},"1":{"loc":{"start":{"line":11,"column":8},"end":{"line":15,"column":9}},"type":"if","locations":[{"start":{"line":11,"column":8},"end":{"line":15,"column":9}},{"start":{"line":13,"column":15},"end":{"line":15,"column":9}}],"line":11}},"s":{"0":1,"1":2,"2":2,"3":2,"4":2,"5":0,"6":2,"7":2,"8":0,"9":2,"10":0,"11":2},"f":{"0":2,"1":2,"2":0,"3":0},"b":{"0":[0,2],"1":[0,2]},"_coverageSchema":"1a1c01bbd47fc00a2c39e90264f33305004495a9","hash":"c977e8f03e6dfae040aa8237c12d94e980febd64"}
,"C:\\Users\\rohit\\Desktop\\Food-Villa\\src\\components\\hooks\\useOnline.jsx": {"path":"C:\\Users\\rohit\\Desktop\\Food-Villa\\src\\components\\hooks\\useOnline.jsx","statementMap":{"0":{"start":{"line":3,"column":18},"end":{"line":30,"column":1}},"1":{"start":{"line":5,"column":34},"end":{"line":5,"column":48}},"2":{"start":{"line":7,"column":4},"end":{"line":25,"column":9}},"3":{"start":{"line":9,"column":29},"end":{"line":11,"column":9}},"4":{"start":{"line":10,"column":12},"end":{"line":10,"column":30}},"5":{"start":{"line":12,"column":30},"end":{"line":14,"column":9}},"6":{"start":{"line":13,"column":12},"end":{"line":13,"column":31}},"7":{"start":{"line":15,"column":8},"end":{"line":17,"column":9}},"8":{"start":{"line":18,"column":8},"end":{"line":18,"column":56}},"9":{"start":{"line":20,"column":8},"end":{"line":23,"column":12}},"10":{"start":{"line":21,"column":12},"end":{"line":21,"column":63}},"11":{"start":{"line":22,"column":12},"end":{"line":22,"column":65}},"12":{"start":{"line":28,"column":4},"end":{"line":28,"column":20}}},"fnMap":{"0":{"name":"(anonymous_0)","decl":{"start":{"line":3,"column":18},"end":{"line":3,"column":19}},"loc":{"start":{"line":3,"column":24},"end":{"line":30,"column":1}},"line":3},"1":{"name":"(anonymous_1)","decl":{"start":{"line":7,"column":14},"end":{"line":7,"column":15}},"loc":{"start":{"line":7,"column":20},"end":{"line":25,"column":5}},"line":7},"2":{"name":"(anonymous_2)","decl":{"start":{"line":9,"column":29},"end":{"line":9,"column":30}},"loc":{"start":{"line":9,"column":35},"end":{"line":11,"column":9}},"line":9},"3":{"name":"(anonymous_3)","decl":{"start":{"line":12,"column":30},"end":{"line":12,"column":31}},"loc":{"start":{"line":12,"column":36},"end":{"line":14,"column":9}},"line":12},"4":{"name":"(anonymous_4)","decl":{"start":{"line":20,"column":15},"end":{"line":20,"column":16}},"loc":{"start":{"line":20,"column":21},"end":{"line":23,"column":11}},"line":20}},"branchMap":{},"s":{"0":1,"1":1,"2":1,"3":1,"4":0,"5":1,"6":0,"7":1,"8":1,"9":1,"10":1,"11":1,"12":1},"f":{"0":1,"1":1,"2":0,"3":0,"4":1},"b":{},"_coverageSchema":"1a1c01bbd47fc00a2c39e90264f33305004495a9","hash":"2276dc95709a018347ef83bb5dea60da28174ccd"}
,"C:\\Users\\rohit\\Desktop\\Food-Villa\\src\\mocks\\dummyLogo1.jsx": {"path":"C:\\Users\\rohit\\Desktop\\Food-Villa\\src\\mocks\\dummyLogo1.jsx","statementMap":{},"fnMap":{},"branchMap":{},"s":{},"f":{},"b":{},"_coverageSchema":"1a1c01bbd47fc00a2c39e90264f33305004495a9","hash":"292aa3023fa8d82ed4523df54fb4e962682bc5b4"}
,"C:\\Users\\rohit\\Desktop\\Food-Villa\\src\\utils\\cartSlice.jsx": {"path":"C:\\Users\\rohit\\Desktop\\Food-Villa\\src\\utils\\cartSlice.jsx","statementMap":{"0":{"start":{"line":5,"column":18},"end":{"line":22,"column":2}},"1":{"start":{"line":13,"column":12},"end":{"line":13,"column":44}},"2":{"start":{"line":16,"column":12},"end":{"line":16,"column":30}},"3":{"start":{"line":19,"column":12},"end":{"line":19,"column":27}},"4":{"start":{"line":26,"column":49},"end":{"line":26,"column":66}}},"fnMap":{"0":{"name":"(anonymous_0)","decl":{"start":{"line":11,"column":16},"end":{"line":11,"column":17}},"loc":{"start":{"line":12,"column":8},"end":{"line":14,"column":9}},"line":12},"1":{"name":"(anonymous_1)","decl":{"start":{"line":15,"column":19},"end":{"line":15,"column":20}},"loc":{"start":{"line":15,"column":30},"end":{"line":17,"column":9}},"line":15},"2":{"name":"(anonymous_2)","decl":{"start":{"line":18,"column":18},"end":{"line":18,"column":19}},"loc":{"start":{"line":18,"column":29},"end":{"line":20,"column":9}},"line":18}},"branchMap":{},"s":{"0":1,"1":0,"2":0,"3":0,"4":1},"f":{"0":0,"1":0,"2":0},"b":{},"_coverageSchema":"1a1c01bbd47fc00a2c39e90264f33305004495a9","hash":"a78e4e3a6611d1b57e6529cc145fcb9a4ef877fe"}
,"C:\\Users\\rohit\\Desktop\\Food-Villa\\src\\utils\\store.jsx": {"path":"C:\\Users\\rohit\\Desktop\\Food-Villa\\src\\utils\\store.jsx","statementMap":{"0":{"start":{"line":4,"column":14},"end":{"line":9,"column":2}}},"fnMap":{},"branchMap":{},"s":{"0":1},"f":{},"b":{},"_coverageSchema":"1a1c01bbd47fc00a2c39e90264f33305004495a9","hash":"ec49308a30103b345c7f349aa9edf503bd3b10f6"}
}
